<?xml version="1.0" encoding="UTF-8"?>
<!-- Generated by org.testng.reporters.JUnitXMLReporter -->
<testsuite ignored="0" hostname="DESKTOP-IPDNC9A" failures="15" tests="34" name="EmployeesRestAPITest" time="22.877" errors="0" timestamp="22 Jul 2022 02:11:12 GMT">
  <testcase classname="com.employeeapi.testCases.TC001_Get_All_Employees" name="checkContentLenght" time="0.003"/>
  <testcase classname="com.employeeapi.testCases.TC001_Get_All_Employees" name="checkContentType" time="0.002">
    <failure type="java.lang.AssertionError" message="expected [text/html; charset=UTF-8] but found [application/json]">
      <![CDATA[java.lang.AssertionError: expected [text/html; charset=UTF-8] but found [application/json]
at com.employeeapi.testCases.TC001_Get_All_Employees.checkContentType(TC001_Get_All_Employees.java:103)
... Removed 34 stack frames]]>
    </failure>
  </testcase> <!-- checkContentType -->
  <testcase classname="com.employeeapi.testCases.TC001_Get_All_Employees" name="checkCookies" time="0.001"/>
  <testcase classname="com.employeeapi.testCases.TC001_Get_All_Employees" name="checkResponseTime" time="0.001"/>
  <testcase classname="com.employeeapi.testCases.TC001_Get_All_Employees" name="checkResposeBody" time="0.018"/>
  <testcase classname="com.employeeapi.testCases.TC001_Get_All_Employees" name="checkStatusCode" time="0.002"/>
  <testcase classname="com.employeeapi.testCases.TC001_Get_All_Employees" name="checkcontentEncoding" time="0.003"/>
  <testcase classname="com.employeeapi.testCases.TC001_Get_All_Employees" name="checkserverType" time="0.003">
    <failure type="java.lang.AssertionError" message="expected [nginx/1.14.1] but found [nginx]">
      <![CDATA[java.lang.AssertionError: expected [nginx/1.14.1] but found [nginx]
at com.employeeapi.testCases.TC001_Get_All_Employees.checkserverType(TC001_Get_All_Employees.java:113)
... Removed 34 stack frames]]>
    </failure>
  </testcase> <!-- checkserverType -->
  <testcase classname="com.employeeapi.testCases.TC001_Get_All_Employees" name="checkstatusLine" time="0.002"/>
  <testcase classname="com.employeeapi.testCases.TC002_Get_Single_Employee_Record" name="checkContentLenght" time="0.0"/>
  <testcase classname="com.employeeapi.testCases.TC002_Get_Single_Employee_Record" name="checkContentType" time="0.0">
    <failure type="java.lang.AssertionError" message="expected [text/html; charset=UTF-8] but found [application/json]">
      <![CDATA[java.lang.AssertionError: expected [text/html; charset=UTF-8] but found [application/json]
at com.employeeapi.testCases.TC002_Get_Single_Employee_Record.checkContentType(TC002_Get_Single_Employee_Record.java:79)
... Removed 34 stack frames]]>
    </failure>
  </testcase> <!-- checkContentType -->
  <testcase classname="com.employeeapi.testCases.TC002_Get_Single_Employee_Record" name="checkResponseTime" time="0.0"/>
  <testcase classname="com.employeeapi.testCases.TC002_Get_Single_Employee_Record" name="checkResposeBody" time="0.0"/>
  <testcase classname="com.employeeapi.testCases.TC002_Get_Single_Employee_Record" name="checkStatusCode" time="0.0"/>
  <testcase classname="com.employeeapi.testCases.TC002_Get_Single_Employee_Record" name="checkserverType" time="0.0">
    <failure type="java.lang.AssertionError" message="expected [nginx/1.14.1] but found [nginx]">
      <![CDATA[java.lang.AssertionError: expected [nginx/1.14.1] but found [nginx]
at com.employeeapi.testCases.TC002_Get_Single_Employee_Record.checkserverType(TC002_Get_Single_Employee_Record.java:86)
... Removed 34 stack frames]]>
    </failure>
  </testcase> <!-- checkserverType -->
  <testcase classname="com.employeeapi.testCases.TC002_Get_Single_Employee_Record" name="checkstatusLine" time="0.001"/>
  <testcase classname="com.employeeapi.testCases.TC003_Post_Employee_Record" name="checkContentType" time="0.004"/>
  <testcase classname="com.employeeapi.testCases.TC003_Post_Employee_Record" name="checkResposeBody" time="0.002">
    <failure type="java.lang.AssertionError" message="expected [true] but found [false]">
      <![CDATA[java.lang.AssertionError: expected [true] but found [false]
at com.employeeapi.testCases.TC003_Post_Employee_Record.checkResposeBody(TC003_Post_Employee_Record.java:71)
... Removed 34 stack frames]]>
    </failure>
  </testcase> <!-- checkResposeBody -->
  <testcase classname="com.employeeapi.testCases.TC003_Post_Employee_Record" name="checkStatusCode" time="0.001">
    <failure type="java.lang.AssertionError" message="expected [200] but found [429]">
      <![CDATA[java.lang.AssertionError: expected [200] but found [429]
at com.employeeapi.testCases.TC003_Post_Employee_Record.checkStatusCode(TC003_Post_Employee_Record.java:80)
... Removed 34 stack frames]]>
    </failure>
  </testcase> <!-- checkStatusCode -->
  <testcase classname="com.employeeapi.testCases.TC003_Post_Employee_Record" name="checkcontentEncoding" time="0.0"/>
  <testcase classname="com.employeeapi.testCases.TC003_Post_Employee_Record" name="checkserverType" time="0.0">
    <failure type="java.lang.AssertionError" message="expected [nginx/1.14.1] but found [nginx]">
      <![CDATA[java.lang.AssertionError: expected [nginx/1.14.1] but found [nginx]
at com.employeeapi.testCases.TC003_Post_Employee_Record.checkserverType(TC003_Post_Employee_Record.java:102)
... Removed 34 stack frames]]>
    </failure>
  </testcase> <!-- checkserverType -->
  <testcase classname="com.employeeapi.testCases.TC003_Post_Employee_Record" name="checkstatusLine" time="0.0">
    <failure type="java.lang.AssertionError" message="expected [HTTP/1.1 200 OK] but found [HTTP/1.1 429 Too Many Requests]">
      <![CDATA[java.lang.AssertionError: expected [HTTP/1.1 200 OK] but found [HTTP/1.1 429 Too Many Requests]
at com.employeeapi.testCases.TC003_Post_Employee_Record.checkstatusLine(TC003_Post_Employee_Record.java:87)
... Removed 34 stack frames]]>
    </failure>
  </testcase> <!-- checkstatusLine -->
  <testcase classname="com.employeeapi.testCases.TC004_Put_Employee_Record" name="checkContentType" time="0.001">
    <failure type="java.lang.AssertionError" message="expected [text/html; charset=UTF-8] but found [application/json]">
      <![CDATA[java.lang.AssertionError: expected [text/html; charset=UTF-8] but found [application/json]
at com.employeeapi.testCases.TC004_Put_Employee_Record.checkContentType(TC004_Put_Employee_Record.java:95)
... Removed 34 stack frames]]>
    </failure>
  </testcase> <!-- checkContentType -->
  <testcase classname="com.employeeapi.testCases.TC004_Put_Employee_Record" name="checkResposeBody" time="0.001"/>
  <testcase classname="com.employeeapi.testCases.TC004_Put_Employee_Record" name="checkStatusCode" time="0.0"/>
  <testcase classname="com.employeeapi.testCases.TC004_Put_Employee_Record" name="checkcontentEncoding" time="0.001">
    <failure type="java.lang.AssertionError" message="expected [gzip] but found [null]">
      <![CDATA[java.lang.AssertionError: expected [gzip] but found [null]
at com.employeeapi.testCases.TC004_Put_Employee_Record.checkcontentEncoding(TC004_Put_Employee_Record.java:109)
... Removed 34 stack frames]]>
    </failure>
  </testcase> <!-- checkcontentEncoding -->
  <testcase classname="com.employeeapi.testCases.TC004_Put_Employee_Record" name="checkserverType" time="0.001">
    <failure type="java.lang.AssertionError" message="expected [nginx/1.14.1] but found [nginx]">
      <![CDATA[java.lang.AssertionError: expected [nginx/1.14.1] but found [nginx]
at com.employeeapi.testCases.TC004_Put_Employee_Record.checkserverType(TC004_Put_Employee_Record.java:102)
... Removed 34 stack frames]]>
    </failure>
  </testcase> <!-- checkserverType -->
  <testcase classname="com.employeeapi.testCases.TC004_Put_Employee_Record" name="checkstatusLine" time="0.0"/>
  <testcase classname="com.employeeapi.testCases.TC005_Delete_Employee_Record" name="checkContentType" time="0.001">
    <failure type="java.lang.AssertionError" message="expected [text/html; charset=UTF-8] but found [application/json]">
      <![CDATA[java.lang.AssertionError: expected [text/html; charset=UTF-8] but found [application/json]
at com.employeeapi.testCases.TC005_Delete_Employee_Record.checkContentType(TC005_Delete_Employee_Record.java:82)
... Removed 34 stack frames]]>
    </failure>
  </testcase> <!-- checkContentType -->
  <testcase classname="com.employeeapi.testCases.TC005_Delete_Employee_Record" name="checkResposeBody" time="0.002">
    <failure type="java.lang.AssertionError" message="expected [true] but found [false]">
      <![CDATA[java.lang.AssertionError: expected [true] but found [false]
at com.employeeapi.testCases.TC005_Delete_Employee_Record.checkResposeBody(TC005_Delete_Employee_Record.java:59)
... Removed 34 stack frames]]>
    </failure>
  </testcase> <!-- checkResposeBody -->
  <testcase classname="com.employeeapi.testCases.TC005_Delete_Employee_Record" name="checkStatusCode" time="0.001"/>
  <testcase classname="com.employeeapi.testCases.TC005_Delete_Employee_Record" name="checkcontentEncoding" time="0.0">
    <failure type="java.lang.AssertionError" message="expected [gzip] but found [null]">
      <![CDATA[java.lang.AssertionError: expected [gzip] but found [null]
at com.employeeapi.testCases.TC005_Delete_Employee_Record.checkcontentEncoding(TC005_Delete_Employee_Record.java:96)
... Removed 34 stack frames]]>
    </failure>
  </testcase> <!-- checkcontentEncoding -->
  <testcase classname="com.employeeapi.testCases.TC005_Delete_Employee_Record" name="checkserverType" time="0.0">
    <failure type="java.lang.AssertionError" message="expected [nginx/1.14.1] but found [nginx]">
      <![CDATA[java.lang.AssertionError: expected [nginx/1.14.1] but found [nginx]
at com.employeeapi.testCases.TC005_Delete_Employee_Record.checkserverType(TC005_Delete_Employee_Record.java:89)
... Removed 34 stack frames]]>
    </failure>
  </testcase> <!-- checkserverType -->
  <testcase classname="com.employeeapi.testCases.TC005_Delete_Employee_Record" name="checkstatusLine" time="0.001"/>
</testsuite> <!-- EmployeesRestAPITest -->
